{
  "RSpec": {
    "coverage": {
      "/home/vagrant/environment/shopping_app/app/helpers/account_activations_helper.rb": [
        1,
        null
      ],
      "/home/vagrant/environment/shopping_app/app/helpers/application_helper.rb": [
        1,
        null,
        1,
        129,
        129,
        50,
        null,
        79,
        null,
        null,
        null,
        null
      ],
      "/home/vagrant/environment/shopping_app/app/helpers/cart_helper.rb": [
        1,
        null,
        1,
        2,
        2,
        2,
        4,
        null,
        2,
        null,
        null,
        1,
        1,
        2,
        2,
        2,
        2,
        null,
        null,
        null,
        1,
        24,
        24,
        24,
        null,
        null,
        1,
        130,
        54,
        54,
        53,
        null,
        null,
        null,
        null,
        1,
        103,
        null,
        null,
        1,
        9,
        9,
        9,
        null,
        null,
        1,
        9,
        9,
        null,
        null,
        null,
        null
      ],
      "/home/vagrant/environment/shopping_app/app/helpers/orders_helper.rb": [
        1,
        null,
        1,
        4,
        4,
        4,
        4,
        null,
        4,
        null,
        null,
        1,
        2,
        2,
        2,
        2,
        2,
        null,
        null,
        null,
        1,
        2,
        2,
        2,
        2,
        2,
        null,
        null,
        null,
        1,
        4,
        4,
        4,
        4,
        4,
        4,
        3,
        null,
        4,
        null,
        null,
        1,
        4,
        4,
        4,
        4,
        null,
        4,
        null,
        null,
        1,
        17,
        17,
        17,
        10,
        null,
        17,
        null,
        null,
        1,
        25,
        25,
        25,
        18,
        null,
        25,
        null,
        null,
        1,
        17,
        17,
        17,
        10,
        10,
        null,
        17,
        null,
        null,
        1,
        17,
        null,
        null,
        null
      ],
      "/home/vagrant/environment/shopping_app/app/helpers/password_resets_helper.rb": [
        1,
        null
      ],
      "/home/vagrant/environment/shopping_app/app/helpers/products_helper.rb": [
        1,
        null
      ],
      "/home/vagrant/environment/shopping_app/app/helpers/search_helper.rb": [
        1,
        null
      ],
      "/home/vagrant/environment/shopping_app/app/helpers/sessions_helper.rb": [
        1,
        null,
        1,
        81,
        null,
        null,
        1,
        77,
        77,
        77,
        null,
        null,
        1,
        931,
        787,
        144,
        1,
        1,
        1,
        1,
        null,
        null,
        null,
        null,
        1,
        23,
        null,
        null,
        1,
        495,
        null,
        null,
        1,
        4,
        4,
        4,
        null,
        null,
        1,
        3,
        3,
        3,
        null,
        null,
        1,
        77,
        77,
        null,
        null,
        1,
        22,
        null,
        null,
        null
      ],
      "/home/vagrant/environment/shopping_app/app/helpers/static_pages_helper.rb": [
        1,
        null
      ],
      "/home/vagrant/environment/shopping_app/app/helpers/stocks_helper.rb": [
        1,
        null
      ],
      "/home/vagrant/environment/shopping_app/app/helpers/users_helper.rb": [
        1,
        1,
        10,
        10,
        10,
        10,
        null,
        null,
        null
      ],
      "/home/vagrant/environment/shopping_app/app/controllers/account_activations_controller.rb": [
        1,
        null,
        1,
        3,
        3,
        1,
        1,
        1,
        1,
        null,
        2,
        2,
        null,
        null,
        null
      ],
      "/home/vagrant/environment/shopping_app/app/controllers/application_controller.rb": [
        1,
        1,
        null,
        1,
        1,
        null,
        1,
        131,
        22,
        22,
        22,
        null,
        null,
        null,
        1,
        19,
        19,
        5,
        5,
        null,
        null,
        null,
        1,
        20,
        6,
        6,
        null,
        null,
        null,
        1,
        41,
        41,
        5,
        5,
        null,
        null,
        null,
        null
      ],
      "/home/vagrant/environment/shopping_app/app/controllers/products_controller.rb": [
        1,
        1,
        1,
        1,
        null,
        1,
        9,
        9,
        null,
        null,
        1,
        1,
        null,
        null,
        1,
        2,
        2,
        2,
        1,
        1,
        1,
        null,
        1,
        null,
        null,
        null,
        null,
        1,
        3,
        3,
        null,
        null,
        1,
        2,
        2,
        1,
        1,
        null,
        1,
        1,
        null,
        null,
        null,
        1,
        1,
        1,
        1,
        1,
        null,
        null,
        1,
        null,
        1,
        4,
        null,
        null,
        1,
        5,
        5,
        2,
        2,
        null,
        null,
        null,
        null
      ],
      "/home/vagrant/environment/shopping_app/app/controllers/search_controller.rb": [
        1,
        null,
        1,
        2,
        2,
        2,
        2,
        2,
        2,
        2,
        null,
        2,
        null,
        null,
        null,
        null
      ],
      "/home/vagrant/environment/shopping_app/app/controllers/sessions_controller.rb": [
        1,
        null,
        1,
        null,
        null,
        1,
        79,
        79,
        78,
        77,
        77,
        77,
        null,
        1,
        1,
        1,
        1,
        null,
        null,
        1,
        1,
        null,
        null,
        null,
        1,
        3,
        3,
        null,
        null,
        null
      ],
      "/home/vagrant/environment/shopping_app/app/controllers/static_pages_controller.rb": [
        1,
        1,
        48,
        null,
        null,
        1,
        null,
        null,
        1,
        null,
        null,
        1,
        null,
        null
      ],
      "/home/vagrant/environment/shopping_app/app/controllers/users_controller.rb": [
        1,
        1,
        1,
        null,
        1,
        8,
        8,
        null,
        null,
        1,
        1,
        null,
        null,
        1,
        18,
        18,
        17,
        17,
        17,
        null,
        1,
        null,
        null,
        null,
        null,
        1,
        1,
        null,
        null,
        1,
        2,
        2,
        1,
        1,
        null,
        1,
        null,
        null,
        null,
        1,
        1,
        null,
        null,
        1,
        2,
        2,
        1,
        1,
        1,
        1,
        null,
        1,
        1,
        null,
        null,
        null,
        1,
        null,
        1,
        22,
        null,
        null,
        null,
        null
      ],
      "/home/vagrant/environment/shopping_app/app/mailers/order_mailer.rb": [
        1,
        null,
        null,
        null,
        null,
        null,
        null,
        1,
        4,
        4,
        4,
        null,
        null,
        null,
        null,
        null,
        null,
        null,
        1,
        3,
        3,
        3,
        null,
        null,
        null,
        null,
        null,
        null,
        null,
        1,
        4,
        4,
        4,
        null,
        null
      ],
      "/home/vagrant/environment/shopping_app/app/mailers/application_mailer.rb": [
        1,
        1,
        1,
        null
      ],
      "/home/vagrant/environment/shopping_app/app/mailers/user_mailer.rb": [
        1,
        null,
        null,
        null,
        null,
        null,
        null,
        1,
        19,
        19,
        null,
        null,
        null,
        null,
        null,
        null,
        null,
        1,
        11,
        11,
        null,
        null
      ],
      "/home/vagrant/environment/shopping_app/app/models/category.rb": [
        1,
        null
      ],
      "/home/vagrant/environment/shopping_app/app/models/application_record.rb": [
        1,
        1,
        null
      ],
      "/home/vagrant/environment/shopping_app/app/models/detail.rb": [
        1,
        1,
        null,
        1,
        1,
        1,
        null,
        null
      ],
      "/home/vagrant/environment/shopping_app/app/models/gender.rb": [
        1,
        1,
        null
      ],
      "/home/vagrant/environment/shopping_app/app/models/order.rb": [
        1,
        1,
        null,
        1,
        1,
        null,
        1,
        1,
        1,
        1,
        null,
        1,
        24,
        null,
        24,
        null,
        null,
        1,
        24,
        null,
        null,
        1,
        24,
        24,
        null,
        null,
        1,
        2,
        null,
        null,
        1,
        1,
        null,
        null,
        1,
        2,
        null,
        null,
        1,
        17,
        null,
        null,
        1,
        12,
        null,
        null,
        1,
        53,
        53,
        53,
        null,
        null,
        1,
        9,
        null,
        null,
        null
      ],
      "/home/vagrant/environment/shopping_app/app/models/product.rb": [
        1,
        1,
        1,
        1,
        1,
        1,
        null,
        1,
        null,
        1,
        null,
        1,
        1,
        1,
        1,
        1,
        null,
        null
      ],
      "/home/vagrant/environment/shopping_app/app/uploaders/picture_uploader.rb": [
        1,
        null,
        null,
        null,
        1,
        1,
        null,
        1,
        null,
        null,
        null,
        null,
        1,
        5,
        null,
        null,
        null,
        null,
        null,
        null,
        null,
        null,
        null,
        null,
        null,
        null,
        null,
        null,
        null,
        null,
        null,
        null,
        null,
        null,
        null,
        null,
        null,
        null,
        1,
        8,
        null,
        null,
        null,
        null,
        null,
        null,
        null,
        null
      ],
      "/home/vagrant/environment/shopping_app/app/models/size.rb": [
        1,
        1,
        null
      ],
      "/home/vagrant/environment/shopping_app/app/models/stock.rb": [
        1,
        1,
        null,
        1,
        1,
        null,
        null
      ],
      "/home/vagrant/environment/shopping_app/app/models/user.rb": [
        1,
        1,
        null,
        1,
        null,
        1,
        1,
        null,
        1,
        1,
        1,
        1,
        null,
        1,
        1,
        1,
        1,
        1,
        1,
        null,
        1,
        332,
        null,
        332,
        null,
        null,
        1,
        352,
        null,
        null,
        1,
        77,
        77,
        null,
        null,
        1,
        11,
        11,
        11,
        null,
        null,
        1,
        4,
        null,
        null,
        1,
        1,
        1,
        null,
        null,
        1,
        17,
        null,
        null,
        1,
        9,
        9,
        9,
        null,
        null,
        1,
        9,
        null,
        null,
        1,
        7,
        null,
        null,
        1,
        null,
        1,
        365,
        null,
        null,
        1,
        244,
        244,
        null,
        null,
        null
      ],
      "/home/vagrant/environment/shopping_app/app/controllers/password_resets_controller.rb": [
        1,
        1,
        1,
        1,
        null,
        1,
        null,
        null,
        1,
        10,
        10,
        9,
        9,
        9,
        9,
        null,
        1,
        1,
        null,
        null,
        null,
        1,
        null,
        null,
        1,
        4,
        1,
        1,
        3,
        2,
        2,
        2,
        null,
        1,
        1,
        null,
        null,
        null,
        1,
        null,
        1,
        3,
        null,
        null,
        1,
        10,
        null,
        null,
        1,
        10,
        null,
        3,
        null,
        null,
        null,
        1,
        7,
        2,
        2,
        null,
        null,
        null,
        null,
        null,
        null
      ],
      "/home/vagrant/environment/shopping_app/app/controllers/cart_controller.rb": [
        1,
        1,
        null,
        1,
        1,
        1,
        1,
        null,
        1,
        3,
        3,
        null,
        null,
        1,
        21,
        21,
        null,
        21,
        19,
        11,
        2,
        2,
        2,
        null,
        2,
        null,
        9,
        9,
        9,
        null,
        null,
        null,
        8,
        8,
        8,
        8,
        null,
        19,
        19,
        null,
        2,
        2,
        null,
        null,
        null,
        null,
        1,
        2,
        2,
        null,
        null,
        1,
        4,
        4,
        null,
        4,
        3,
        3,
        2,
        2,
        2,
        2,
        2,
        2,
        null,
        1,
        null,
        null,
        null,
        1,
        1,
        null,
        null,
        null,
        1,
        1,
        1,
        1,
        1,
        null,
        null,
        1,
        null,
        1,
        25,
        8,
        8,
        null,
        null,
        null,
        1,
        17,
        17,
        7,
        7,
        7,
        7,
        7,
        null,
        null,
        null,
        null
      ],
      "/home/vagrant/environment/shopping_app/app/controllers/orders_controller.rb": [
        1,
        1,
        null,
        1,
        1,
        1,
        null,
        1,
        7,
        null,
        null,
        1,
        1,
        null,
        null,
        1,
        2,
        2,
        1,
        1,
        1,
        null,
        1,
        null,
        null,
        null,
        1,
        null,
        null,
        1,
        3,
        3,
        3,
        2,
        2,
        2,
        2,
        2,
        null,
        2,
        null,
        1,
        1,
        null,
        null,
        null,
        1,
        null,
        1,
        10,
        null,
        null,
        1,
        12,
        12,
        5,
        5,
        null,
        null,
        null,
        null
      ],
      "/home/vagrant/environment/shopping_app/app/controllers/stocks_controller.rb": [
        1,
        1,
        1,
        null,
        1,
        3,
        3,
        3,
        2,
        1,
        1,
        null,
        1,
        1,
        null,
        null,
        1,
        1,
        null,
        null,
        null,
        null
      ],
      "/home/vagrant/environment/shopping_app/app/channels/application_cable/channel.rb": [
        0,
        0,
        0,
        0
      ],
      "/home/vagrant/environment/shopping_app/app/channels/application_cable/connection.rb": [
        0,
        0,
        0,
        0
      ],
      "/home/vagrant/environment/shopping_app/app/jobs/application_job.rb": [
        0,
        0
      ]
    },
    "timestamp": 1573525878
  }
}
