{
  "RSpec": {
    "coverage": {
      "/home/vagrant/environment/shopping_app/app/helpers/account_activations_helper.rb": [
        1,
        null
      ],
      "/home/vagrant/environment/shopping_app/app/helpers/application_helper.rb": [
        1,
        null,
        1,
        104,
        104,
        39,
        null,
        65,
        null,
        null,
        null,
        null
      ],
      "/home/vagrant/environment/shopping_app/app/helpers/cart_helper.rb": [
        1,
        null,
        1,
        1,
        1,
        1,
        1,
        null,
        1,
        null,
        null,
        1,
        1,
        1,
        1,
        1,
        1,
        null,
        null,
        null,
        1,
        13,
        13,
        13,
        null,
        null,
        1,
        87,
        23,
        23,
        23,
        null,
        null,
        null,
        null,
        1,
        0,
        null,
        null,
        1,
        75,
        null,
        null,
        1,
        4,
        4,
        4,
        null,
        null,
        1,
        4,
        4,
        null,
        null,
        null,
        null
      ],
      "/home/vagrant/environment/shopping_app/app/helpers/orders_helper.rb": [
        1,
        null,
        1,
        13,
        13,
        13,
        3,
        null,
        13,
        null,
        null,
        1,
        13,
        13,
        13,
        3,
        null,
        13,
        null,
        null,
        1,
        13,
        13,
        13,
        3,
        3,
        null,
        13,
        null,
        null,
        1,
        13,
        null,
        null,
        null
      ],
      "/home/vagrant/environment/shopping_app/app/helpers/password_resets_helper.rb": [
        1,
        null
      ],
      "/home/vagrant/environment/shopping_app/app/helpers/products_helper.rb": [
        1,
        null
      ],
      "/home/vagrant/environment/shopping_app/app/helpers/search_helper.rb": [
        1,
        null
      ],
      "/home/vagrant/environment/shopping_app/app/helpers/sessions_helper.rb": [
        1,
        null,
        1,
        70,
        null,
        null,
        1,
        68,
        68,
        68,
        null,
        null,
        1,
        719,
        603,
        116,
        0,
        0,
        0,
        0,
        null,
        null,
        null,
        null,
        1,
        20,
        null,
        null,
        1,
        388,
        null,
        null,
        1,
        4,
        4,
        4,
        null,
        null,
        1,
        3,
        3,
        3,
        null,
        null,
        1,
        69,
        69,
        null,
        null,
        1,
        21,
        null,
        null,
        null
      ],
      "/home/vagrant/environment/shopping_app/app/helpers/static_pages_helper.rb": [
        1,
        null
      ],
      "/home/vagrant/environment/shopping_app/app/helpers/stocks_helper.rb": [
        1,
        null
      ],
      "/home/vagrant/environment/shopping_app/app/helpers/users_helper.rb": [
        1,
        1,
        7,
        7,
        7,
        7,
        null,
        null,
        null
      ],
      "/home/vagrant/environment/shopping_app/app/controllers/account_activations_controller.rb": [
        1,
        null,
        1,
        3,
        3,
        1,
        1,
        1,
        1,
        null,
        2,
        2,
        null,
        null,
        null
      ],
      "/home/vagrant/environment/shopping_app/app/controllers/application_controller.rb": [
        1,
        1,
        null,
        1,
        1,
        null,
        1,
        100,
        21,
        21,
        21,
        null,
        null,
        null,
        1,
        16,
        16,
        5,
        5,
        null,
        null,
        null,
        1,
        16,
        6,
        6,
        null,
        null,
        null,
        1,
        22,
        22,
        5,
        5,
        null,
        null,
        null,
        null
      ],
      "/home/vagrant/environment/shopping_app/app/controllers/products_controller.rb": [
        1,
        1,
        1,
        1,
        null,
        1,
        9,
        9,
        null,
        null,
        1,
        1,
        null,
        null,
        1,
        2,
        2,
        1,
        1,
        1,
        null,
        1,
        null,
        null,
        null,
        1,
        2,
        2,
        null,
        null,
        1,
        2,
        2,
        1,
        1,
        null,
        1,
        1,
        null,
        null,
        null,
        1,
        1,
        1,
        1,
        1,
        1,
        null,
        0,
        0,
        null,
        null,
        null,
        1,
        null,
        1,
        4,
        null,
        null,
        1,
        3,
        3,
        0,
        0,
        null,
        null,
        null,
        null
      ],
      "/home/vagrant/environment/shopping_app/app/controllers/search_controller.rb": [
        1,
        null,
        1,
        0,
        0,
        0,
        0,
        0,
        0,
        0,
        null,
        0,
        null,
        null,
        null,
        null
      ],
      "/home/vagrant/environment/shopping_app/app/controllers/sessions_controller.rb": [
        1,
        null,
        1,
        null,
        null,
        1,
        71,
        71,
        70,
        69,
        69,
        69,
        null,
        1,
        1,
        1,
        1,
        null,
        null,
        1,
        1,
        null,
        null,
        null,
        1,
        3,
        3,
        null,
        null,
        null
      ],
      "/home/vagrant/environment/shopping_app/app/controllers/static_pages_controller.rb": [
        1,
        1,
        39,
        null,
        null,
        1,
        null,
        null,
        1,
        null,
        null,
        1,
        null,
        null
      ],
      "/home/vagrant/environment/shopping_app/app/controllers/users_controller.rb": [
        1,
        1,
        1,
        null,
        1,
        5,
        5,
        null,
        null,
        1,
        1,
        null,
        null,
        1,
        17,
        17,
        16,
        16,
        16,
        null,
        1,
        null,
        null,
        null,
        null,
        1,
        1,
        null,
        null,
        1,
        2,
        2,
        1,
        1,
        null,
        1,
        null,
        null,
        null,
        1,
        1,
        null,
        null,
        1,
        2,
        2,
        1,
        1,
        1,
        1,
        null,
        1,
        1,
        null,
        null,
        null,
        1,
        null,
        1,
        21,
        null,
        null,
        null,
        null
      ],
      "/home/vagrant/environment/shopping_app/app/mailers/order_mailer.rb": [
        1,
        null,
        null,
        null,
        null,
        null,
        null,
        1,
        3,
        3,
        3,
        null,
        null,
        null,
        null,
        null,
        null,
        null,
        1,
        3,
        3,
        3,
        null,
        null,
        null,
        null,
        null,
        null,
        null,
        1,
        3,
        3,
        3,
        null,
        null
      ],
      "/home/vagrant/environment/shopping_app/app/mailers/application_mailer.rb": [
        1,
        1,
        1,
        null
      ],
      "/home/vagrant/environment/shopping_app/app/mailers/user_mailer.rb": [
        1,
        null,
        null,
        null,
        null,
        null,
        null,
        1,
        18,
        18,
        null,
        null,
        null,
        null,
        null,
        null,
        null,
        1,
        4,
        4,
        null,
        null
      ],
      "/home/vagrant/environment/shopping_app/app/models/category.rb": [
        1,
        null
      ],
      "/home/vagrant/environment/shopping_app/app/models/application_record.rb": [
        1,
        1,
        null
      ],
      "/home/vagrant/environment/shopping_app/app/models/detail.rb": [
        1,
        1,
        null,
        1,
        1,
        1,
        null,
        null
      ],
      "/home/vagrant/environment/shopping_app/app/models/gender.rb": [
        1,
        1,
        null
      ],
      "/home/vagrant/environment/shopping_app/app/models/order.rb": [
        1,
        1,
        null,
        1,
        1,
        null,
        1,
        1,
        1,
        1,
        null,
        1,
        13,
        null,
        13,
        null,
        null,
        1,
        13,
        null,
        null,
        1,
        13,
        13,
        null,
        null,
        1,
        1,
        null,
        null,
        1,
        1,
        null,
        null,
        1,
        1,
        null,
        null,
        1,
        6,
        null,
        null,
        1,
        10,
        null,
        null,
        1,
        23,
        23,
        23,
        null,
        null,
        1,
        4,
        null,
        null,
        null
      ],
      "/home/vagrant/environment/shopping_app/app/models/product.rb": [
        1,
        1,
        1,
        1,
        1,
        1,
        null,
        1,
        null,
        1,
        null,
        1,
        1,
        1,
        1,
        1,
        1,
        null,
        1,
        null,
        1,
        136,
        0,
        null,
        null,
        null,
        null
      ],
      "/home/vagrant/environment/shopping_app/app/uploaders/picture_uploader.rb": [
        1,
        null,
        null,
        null,
        1,
        1,
        null,
        1,
        null,
        null,
        null,
        null,
        1,
        0,
        null,
        null,
        null,
        null,
        null,
        null,
        null,
        null,
        null,
        null,
        null,
        null,
        null,
        null,
        null,
        null,
        null,
        null,
        null,
        null,
        null,
        null,
        null,
        null,
        1,
        0,
        null,
        null,
        null,
        null,
        null,
        null,
        null,
        null
      ],
      "/home/vagrant/environment/shopping_app/app/models/size.rb": [
        1,
        1,
        null
      ],
      "/home/vagrant/environment/shopping_app/app/models/stock.rb": [
        1,
        1,
        null,
        1,
        1,
        null,
        null
      ],
      "/home/vagrant/environment/shopping_app/app/models/user.rb": [
        1,
        1,
        null,
        1,
        null,
        1,
        1,
        null,
        1,
        1,
        1,
        1,
        null,
        1,
        1,
        1,
        1,
        1,
        1,
        null,
        1,
        283,
        null,
        283,
        null,
        null,
        1,
        303,
        null,
        null,
        1,
        68,
        68,
        null,
        null,
        1,
        2,
        2,
        2,
        null,
        null,
        1,
        4,
        null,
        null,
        1,
        1,
        1,
        null,
        null,
        1,
        16,
        null,
        null,
        1,
        2,
        2,
        2,
        null,
        null,
        1,
        2,
        null,
        null,
        1,
        0,
        null,
        null,
        1,
        null,
        1,
        302,
        null,
        null,
        1,
        212,
        212,
        null,
        null,
        null
      ],
      "/home/vagrant/environment/shopping_app/app/controllers/password_resets_controller.rb": [
        1,
        null,
        1,
        1,
        1,
        null,
        1,
        null,
        null,
        1,
        3,
        3,
        2,
        2,
        2,
        2,
        null,
        1,
        1,
        null,
        null,
        null,
        1,
        null,
        null,
        1,
        0,
        0,
        0,
        0,
        0,
        0,
        0,
        null,
        0,
        null,
        null,
        null,
        null,
        1,
        null,
        1,
        0,
        null,
        null,
        1,
        1,
        null,
        null,
        1,
        1,
        null,
        1,
        null,
        null,
        null,
        1,
        0,
        0,
        0,
        null,
        null,
        null,
        null,
        null,
        null
      ],
      "/home/vagrant/environment/shopping_app/app/controllers/cart_controller.rb": [
        1,
        1,
        1,
        1,
        null,
        1,
        1,
        1,
        null,
        null,
        1,
        13,
        13,
        null,
        13,
        11,
        6,
        1,
        1,
        1,
        null,
        5,
        5,
        5,
        null,
        null,
        null,
        5,
        5,
        5,
        5,
        null,
        11,
        11,
        null,
        2,
        2,
        null,
        null,
        null,
        null,
        1,
        1,
        1,
        null,
        null,
        1,
        1,
        1,
        1,
        1,
        1,
        1,
        1,
        1,
        null,
        0,
        null,
        null,
        null,
        1,
        0,
        0,
        0,
        0,
        null,
        null,
        1,
        null,
        1,
        12,
        6,
        6,
        null,
        null,
        null,
        1,
        6,
        6,
        3,
        3,
        3,
        3,
        3,
        null,
        null,
        null,
        null
      ],
      "/home/vagrant/environment/shopping_app/app/controllers/orders_controller.rb": [
        1,
        1,
        1,
        1,
        null,
        1,
        7,
        null,
        null,
        1,
        1,
        null,
        null,
        1,
        2,
        2,
        1,
        1,
        1,
        null,
        1,
        null,
        null,
        null,
        1,
        null,
        null,
        1,
        2,
        2,
        2,
        1,
        1,
        1,
        1,
        null,
        1,
        1,
        null,
        null,
        null,
        1,
        null,
        1,
        4,
        null,
        null,
        1,
        10,
        10,
        4,
        4,
        null,
        null,
        null,
        null
      ],
      "/home/vagrant/environment/shopping_app/app/controllers/stocks_controller.rb": [
        1,
        1,
        1,
        null,
        1,
        2,
        2,
        2,
        1,
        1,
        1,
        null,
        0,
        null,
        null,
        1,
        1,
        null,
        null,
        null,
        null
      ],
      "/home/vagrant/environment/shopping_app/app/channels/application_cable/channel.rb": [
        0,
        0,
        0,
        0
      ],
      "/home/vagrant/environment/shopping_app/app/channels/application_cable/connection.rb": [
        0,
        0,
        0,
        0
      ],
      "/home/vagrant/environment/shopping_app/app/jobs/application_job.rb": [
        0,
        0
      ]
    },
    "timestamp": 1573129193
  }
}
